04/Jul/2023:05:10:44 +0000 GET /api/cards/get-my-fav-cards 400 8.315 ms
04/Jul/2023:05:15:04 +0000 GET /api/cards/get-my-fav-cards 400 1.554 ms
04/Jul/2023:05:21:46 +0000 GET /api/cards/get-my-fav-cards 400 2.320 ms
04/Jul/2023:05:30:05 +0000 GET /api/cards/get-my-fav-cards 400 8.298 ms
04/Jul/2023:06:51:45 +0000 GET /api/cards/get-my-fav-cards 400 53.888 ms
04/Jul/2023:09:13:02 +0000 GET /api/cards/get-my-fav-cards 400 23.919 ms
04/Jul/2023:09:15:01 +0000 GET /api/cards/card/64a3e2dc98c93d4c98e262a0 404 5.592 ms
04/Jul/2023:09:24:31 +0000 GET /imgs/bike-1.jpg 404 5.357 ms
04/Jul/2023:09:24:31 +0000 GET /imgs/shoes-1.jpg 404 1.850 ms
04/Jul/2023:09:24:35 +0000 GET /imgs/bike-1.jpg 404 4.123 ms
04/Jul/2023:09:24:35 +0000 GET /imgs/shoes-1.jpg 404 17.769 ms
04/Jul/2023:09:43:28 +0000 GET /imgs/shoes-1.jpg 404 1.154 ms
04/Jul/2023:09:43:28 +0000 GET /imgs/bike-1.jpg 404 0.613 ms
04/Jul/2023:09:54:56 +0000 GET /api/cards/card/64a3e544a5cda02483912a72 404 47.660 ms
04/Jul/2023:09:54:58 +0000 GET /imgs/shoes-1.jpg 404 1.085 ms
04/Jul/2023:09:54:58 +0000 GET /imgs/bike-1.jpg 404 6.151 ms
04/Jul/2023:10:03:04 +0000 GET /undefined?w=248&fit=crop&auto=format 404 14.889 ms
04/Jul/2023:10:04:16 +0000 GET /imgs/bike-1.jpg?w=248&fit=crop&auto=format 404 2.429 ms
04/Jul/2023:10:04:16 +0000 GET /imgs/shoes-1.jpg?w=248&fit=crop&auto=format 404 1.247 ms
04/Jul/2023:10:04:19 +0000 GET /imgs/bike-1.jpg?w=248&fit=crop&auto=format 404 1.166 ms
04/Jul/2023:10:04:20 +0000 GET /imgs/shoes-1.jpg?w=248&fit=crop&auto=format 404 36.928 ms
04/Jul/2023:10:15:05 +0000 GET /imgs/bike-1.jpg?w=248&fit=crop&auto=format 404 1.270 ms
04/Jul/2023:10:15:05 +0000 GET /imgs/shoes-1.jpg?w=248&fit=crop&auto=format 404 0.526 ms
04/Jul/2023:10:16:13 +0000 GET /imgs/bike-1.jpg?w=248&fit=crop&auto=format 404 2.273 ms
04/Jul/2023:10:16:13 +0000 GET /imgs/shoes-1.jpg?w=248&fit=crop&auto=format 404 0.693 ms
04/Jul/2023:10:23:11 +0000 GET /imgs/bike-1.jpg 404 2.540 ms
04/Jul/2023:10:23:11 +0000 GET /imgs/shoes-1.jpg 404 3.537 ms
04/Jul/2023:10:23:12 +0000 GET /imgs/bike-1.jpg 404 2.801 ms
04/Jul/2023:10:23:12 +0000 GET /imgs/shoes-1.jpg 404 0.664 ms
04/Jul/2023:10:23:12 +0000 GET /imgs/bike-1.jpg 404 0.851 ms
04/Jul/2023:10:23:12 +0000 GET /imgs/shoes-1.jpg 404 1.341 ms
04/Jul/2023:10:23:12 +0000 GET /imgs/bike-1.jpg 404 0.683 ms
04/Jul/2023:11:28:00 +0000 GET /imgs/bike-1.jpg 404 45.412 ms
04/Jul/2023:11:28:01 +0000 GET /imgs/shoes-1.jpg 404 0.889 ms
04/Jul/2023:11:31:44 +0000 GET /api/cards/card/64a3e544a5cda02483912a72 404 3.115 ms
04/Jul/2023:11:31:46 +0000 GET /imgs/shoes-1.jpg 404 1.531 ms
04/Jul/2023:11:31:46 +0000 GET /imgs/bike-1.jpg 404 3.854 ms
04/Jul/2023:11:45:13 +0000 GET /imgs/bike-1.jpg 404 3.198 ms
04/Jul/2023:11:45:13 +0000 GET /imgs/shoes-1.jpg 404 4.599 ms
04/Jul/2023:11:45:15 +0000 GET /imgs/bike-1.jpg 404 12.299 ms
04/Jul/2023:11:45:16 +0000 GET /imgs/shoes-1.jpg 404 1.002 ms
04/Jul/2023:11:46:29 +0000 GET /initialData/imgs/bike-1.jpg 404 1.062 ms
04/Jul/2023:11:46:29 +0000 GET /imgs/shoes-1.jpg 404 2.192 ms
04/Jul/2023:11:54:00 +0000 GET /initialData/imgs/bike-1.jpg 404 1.828 ms
04/Jul/2023:11:54:00 +0000 GET /imgs/shoes-1.jpg 404 3.788 ms
04/Jul/2023:11:59:57 +0000 GET /imgs/shoes-1.jpg 404 5.336 ms
04/Jul/2023:12:06:37 +0000 GET /api/cards/card/64a3e544a5cda02483912a72 404 5.299 ms
04/Jul/2023:12:39:21 +0000 GET /api/cards/card/64a3e544a5cda02483912a6e 404 7.878 ms
04/Jul/2023:12:45:30 +0000 GET /api/cards/card/64a3e544a5cda02483912a6e 404 2.042 ms
04/Jul/2023:12:58:12 +0000 GET /api/cards/get-my-fav-cards 400 23.511 ms
04/Jul/2023:13:09:38 +0000 GET /imgs/bike-1.jpg 404 2.763 ms
04/Jul/2023:13:09:38 +0000 GET /imgs/shoes-1.jpg 404 12.493 ms
04/Jul/2023:13:09:41 +0000 GET /imgs/bike-1.jpg 404 0.893 ms
04/Jul/2023:13:09:42 +0000 GET /imgs/shoes-1.jpg 404 0.769 ms
04/Jul/2023:13:12:46 +0000 GET /initialDataimgs/bike-1.jpg 404 1.177 ms
04/Jul/2023:13:15:37 +0000 GET /api/users/ 401 5.068 ms
04/Jul/2023:13:20:20 +0000 GET /api/users/ 401 2.953 ms
04/Jul/2023:13:20:39 +0000 GET /api/users/ 401 4.853 ms
05/Jul/2023:08:56:54 +0000 GET /api/users/ 401 58.802 ms
05/Jul/2023:08:56:58 +0000 GET /api/users/ 401 3.214 ms
05/Jul/2023:09:10:37 +0000 GET /api/users/ 401 24.920 ms
05/Jul/2023:09:11:05 +0000 GET /api/users/ 401 12.481 ms
05/Jul/2023:09:13:14 +0000 GET /api/users/ 401 4.383 ms
05/Jul/2023:09:15:35 +0000 GET /api/users/ 401 5.371 ms
05/Jul/2023:09:22:53 +0000 GET /api/users/ 401 10.798 ms
05/Jul/2023:09:24:15 +0000 GET /api/users/ 401 3.918 ms
05/Jul/2023:09:27:29 +0000 GET /api/users/ 401 4.649 ms
05/Jul/2023:09:27:29 +0000 GET /api/users/ 401 2.478 ms
05/Jul/2023:09:27:33 +0000 GET /api/users/ 401 5.820 ms
05/Jul/2023:09:28:06 +0000 GET /api/users/ 401 12.773 ms
05/Jul/2023:09:28:43 +0000 GET /api/users/ 401 4.124 ms
05/Jul/2023:09:28:43 +0000 GET /api/users/ 401 1.435 ms
05/Jul/2023:09:28:45 +0000 GET /api/users/ 401 2.612 ms
05/Jul/2023:09:29:23 +0000 GET /api/users/ 401 2.326 ms
05/Jul/2023:09:29:23 +0000 GET /api/users/ 401 2.018 ms
05/Jul/2023:09:30:28 +0000 GET /api/users/ 401 9.450 ms
05/Jul/2023:09:42:49 +0000 GET /api/users/ 401 5.572 ms
05/Jul/2023:09:42:49 +0000 GET /api/users/ 401 4.164 ms
05/Jul/2023:09:42:53 +0000 GET /api/users/ 401 2.639 ms
05/Jul/2023:09:43:49 +0000 GET /api/users/ 401 2.468 ms
05/Jul/2023:09:43:49 +0000 GET /api/users/ 401 2.193 ms
05/Jul/2023:09:43:51 +0000 GET /api/users/ 401 5.110 ms
05/Jul/2023:11:40:05 +0000 GET /api/users/ 401 15.939 ms
05/Jul/2023:11:42:26 +0000 GET /api/users/ 401 4.795 ms
05/Jul/2023:11:43:13 +0000 GET /api/users/ 401 5.420 ms
05/Jul/2023:11:48:52 +0000 GET /api/users/ 401 10.017 ms
05/Jul/2023:15:32:00 +0000 GET /api/users/ 401 66.996 ms
05/Jul/2023:18:08:15 +0000 GET /api/users/ 401 24.128 ms
