13/Jul/2023:05:30:23 +0000 PUT /api/cards/64ae9c36ad7f695f6d259176 400 80.318 ms
13/Jul/2023:05:40:04 +0000 PUT /api/cards/64ae9c36ad7f695f6d259176 400 8.627 ms
13/Jul/2023:05:41:19 +0000 PUT /api/cards/64ae9c36ad7f695f6d259176 400 3.516 ms
13/Jul/2023:05:57:38 +0000 PUT /api/cards/64ae9c36ad7f695f6d259176 400 13.645 ms
13/Jul/2023:05:58:01 +0000 PUT /api/cards/64ae9c36ad7f695f6d259176 400 8.588 ms
13/Jul/2023:06:05:21 +0000 PUT /api/cards/64ae9c36ad7f695f6d259176 400 6.047 ms
13/Jul/2023:06:06:51 +0000 PUT /api/cards/64ae9c36ad7f695f6d259176 400 4.933 ms
13/Jul/2023:06:07:26 +0000 PUT /api/cards/64ae9c36ad7f695f6d259176 400 7.190 ms
13/Jul/2023:06:10:32 +0000 PUT /api/cards/64ae9c36ad7f695f6d259176 400 13.175 ms
13/Jul/2023:07:06:59 +0000 PUT /api/cards/64acfac0b3d7d59baa60125d 400 41.507 ms
13/Jul/2023:07:10:43 +0000 PUT /api/cards/64acfac0b3d7d59baa60125d 400 5.891 ms
13/Jul/2023:08:47:41 +0000 DELETE /api/users/deleteUser/64afac721168523c9374019a 404 4.888 ms
13/Jul/2023:08:49:45 +0000 PUT /api/users/64afac721168523c9374019a 401 8.969 ms
13/Jul/2023:08:49:49 +0000 PUT /api/users/64afac721168523c9374019a 401 2.737 ms
13/Jul/2023:11:26:50 +0000 PUT /api/users/64acfabfb3d7d59baa60124e 401 27.555 ms
13/Jul/2023:11:26:50 +0000 PUT /api/users/64acfabfb3d7d59baa60124e 401 6.162 ms
13/Jul/2023:11:37:58 +0000 PUT /api/users/64acfabfb3d7d59baa60124e 401 6.943 ms
13/Jul/2023:11:41:01 +0000 PUT /api/users/64acfabfb3d7d59baa60124e 401 6.969 ms
13/Jul/2023:11:42:36 +0000 PUT /api/users/64acfabfb3d7d59baa60124e 401 104.591 ms
13/Jul/2023:11:44:10 +0000 PATCH /api/users/64acfabfb3d7d59baa60124e 401 9.313 ms
13/Jul/2023:11:46:36 +0000 PATCH /api/users/64acfabfb3d7d59baa60124e 403 88.928 ms
13/Jul/2023:11:47:15 +0000 PATCH /api/users/64acfabfb3d7d59baa60124e 403 22.692 ms
13/Jul/2023:11:48:02 +0000 PATCH /api/users/64acfabfb3d7d59baa60124e 403 6.263 ms
13/Jul/2023:11:51:22 +0000 PATCH /api/users/64acfabfb3d7d59baa60124e 403 6.371 ms
13/Jul/2023:11:56:01 +0000 GET /api/users/64acfabfb3d7d59baa601249 404 19.447 ms
13/Jul/2023:11:59:35 +0000 PATCH /api/users/64acfabfb3d7d59baa60124e 401 5.499 ms
13/Jul/2023:12:01:41 +0000 PATCH /api/users/64acfabfb3d7d59baa60124e 401 5.781 ms
13/Jul/2023:12:10:36 +0000 PATCH /api/users/64acfabfb3d7d59baa60124e 401 5.833 ms
13/Jul/2023:12:11:44 +0000 PATCH /api/users/64acfabfb3d7d59baa60124e 401 5.131 ms
13/Jul/2023:12:13:51 +0000 PATCH /api/users/64acfabfb3d7d59baa60124e 401 45.491 ms
13/Jul/2023:12:14:40 +0000 PATCH /api/users/64acfabfb3d7d59baa60124e 401 23.766 ms
13/Jul/2023:12:15:16 +0000 PATCH /api/users/64acfabfb3d7d59baa60124e 401 20.405 ms
13/Jul/2023:12:16:03 +0000 PATCH /api/users/64acfabfb3d7d59baa60124e 401 32.137 ms
13/Jul/2023:12:16:53 +0000 PATCH /api/users/64acfabfb3d7d59baa60124e 401 26.687 ms
13/Jul/2023:12:18:30 +0000 PATCH /api/users/64acfabfb3d7d59baa60124e 403 28.576 ms
