17/Jul/2023:05:16:06 +0000 GET /initialData/imgs/bike-2.jpg 404 6.874 ms
17/Jul/2023:05:16:07 +0000 GET /initialData/imgs/bike-2..jpg 404 2.338 ms
17/Jul/2023:05:16:08 +0000 GET /initialData/imgs/bike-2.1.jpg 404 0.983 ms
17/Jul/2023:06:14:54 +0000 GET /initialData/imgs/bike-21.jpg 404 6.891 ms
17/Jul/2023:06:15:47 +0000 GET /api/users/64acfac0b3d7d59baa601253 404 22.430 ms
17/Jul/2023:06:16:19 +0000 GET /api/users/64acfac0b3d7d59baa601253 404 53.777 ms
17/Jul/2023:06:18:31 +0000 GET /api/users/64b4dca9c4711ae896f341b8 401 20.620 ms
17/Jul/2023:06:26:02 +0000 GET /initialData/imgs/g-1.jpg 404 1.395 ms
17/Jul/2023:06:26:03 +0000 GET /initialData/imgs/glo-1.jpg 404 0.756 ms
17/Jul/2023:06:26:04 +0000 GET /initialData/imgs/gloves-1.jpg 404 0.835 ms
17/Jul/2023:06:26:07 +0000 GET /initialData/imgs/gloves-1-1.jpg 404 1.199 ms
17/Jul/2023:06:37:05 +0000 GET /initialData/imgs/g-2-2.jpg 404 20.208 ms
17/Jul/2023:06:37:07 +0000 GET /initialData/imgs/gloves-2-2.jpg 404 2.168 ms
17/Jul/2023:06:38:21 +0000 GET /initialData/imgs/gloves-1-.jpg 404 5.550 ms
17/Jul/2023:06:46:59 +0000 GET /initialData/imgs/gloves--1.jpg 404 7.076 ms
17/Jul/2023:06:49:08 +0000 GET /initialData/imgs/glove.jpg 404 7.533 ms
17/Jul/2023:06:49:09 +0000 GET /initialData/imgs/gloves.jpg 404 2.238 ms
17/Jul/2023:06:50:15 +0000 GET /initialData/imgs/gloves1.jpg 404 7.158 ms
17/Jul/2023:06:51:17 +0000 GET /favicon.ico 404 8.897 ms
17/Jul/2023:06:53:09 +0000 GET /initialData/imgs/gloves-3-1.jpg 404 5.057 ms
17/Jul/2023:06:55:48 +0000 GET /api/users/64b4dca9c4711ae896f341ae 404 60.353 ms
