06/Jul/2023:05:49:31 +0000 POST /api/users 400 7.079 ms
06/Jul/2023:06:59:51 +0000 POST /api/users 400 141.525 ms
06/Jul/2023:07:06:27 +0000 POST /api/users 400 120.378 ms
06/Jul/2023:07:06:37 +0000 POST /api/users 400 112.494 ms
06/Jul/2023:07:34:41 +0000 POST /api/users 400 192.472 ms
06/Jul/2023:11:59:33 +0000 POST /api/users 400 206.665 ms
06/Jul/2023:12:18:10 +0000 GET /api/users/ 401 12.972 ms
06/Jul/2023:12:20:23 +0000 POST /api/users 400 90.750 ms
06/Jul/2023:13:04:45 +0000 GET /api/users/ 401 30.073 ms
06/Jul/2023:13:05:59 +0000 GET /api/users/ 401 12.765 ms
06/Jul/2023:13:06:38 +0000 GET /api/users/ 401 29.639 ms
09/Jul/2023:05:15:02 +0000 POST /api/users/login 400 170.251 ms
09/Jul/2023:05:15:04 +0000 POST /api/users/login 400 3.575 ms
09/Jul/2023:05:15:40 +0000 GET /api/users/ 401 4.994 ms
09/Jul/2023:05:16:54 +0000 GET /api/users/ 401 4.921 ms
09/Jul/2023:05:37:17 +0000 GET /api/users/ 401 28.925 ms
09/Jul/2023:05:37:25 +0000 GET /api/users/ 401 9.895 ms
09/Jul/2023:05:43:47 +0000 GET /main.3ee0d547467963e7e793.hot-update.json 404 23.240 ms
09/Jul/2023:05:43:50 +0000 GET /main.3ee0d547467963e7e793.hot-update.json 404 0.574 ms
09/Jul/2023:05:43:50 +0000 GET /main.3ee0d547467963e7e793.hot-update.json 404 1.173 ms
09/Jul/2023:05:43:50 +0000 GET /api/users/ 401 15.478 ms
09/Jul/2023:05:43:54 +0000 GET /api/users/ 401 3.826 ms
09/Jul/2023:05:43:54 +0000 GET /api/users/ 401 5.640 ms
09/Jul/2023:05:43:55 +0000 GET /api/users/ 401 2.770 ms
09/Jul/2023:05:44:13 +0000 GET /api/users/ 401 2.195 ms
09/Jul/2023:05:46:52 +0000 GET /api/users/ 401 2.489 ms
09/Jul/2023:05:46:52 +0000 GET /api/users/ 401 3.814 ms
09/Jul/2023:05:46:52 +0000 GET /api/users/ 401 2.166 ms
09/Jul/2023:05:46:53 +0000 GET /api/users/ 401 4.001 ms
09/Jul/2023:05:47:02 +0000 GET /api/users/ 401 1.506 ms
09/Jul/2023:06:30:46 +0000 GET /api/users/undefined 401 144.616 ms
09/Jul/2023:06:30:46 +0000 GET /api/users/undefined 401 4.047 ms
09/Jul/2023:06:30:46 +0000 GET /api/users/undefined 401 4.705 ms
09/Jul/2023:06:30:48 +0000 GET /api/users/undefined 401 3.735 ms
09/Jul/2023:06:30:50 +0000 GET /api/users/undefined 401 3.669 ms
09/Jul/2023:06:30:53 +0000 GET /api/users/undefined 401 10.768 ms
09/Jul/2023:06:31:06 +0000 GET /api/users/undefined 401 5.177 ms
09/Jul/2023:06:31:12 +0000 GET /api/users/undefined 401 9.900 ms
09/Jul/2023:06:38:43 +0000 GET /api/users/undefined 401 2.211 ms
09/Jul/2023:06:42:56 +0000 GET /api/users/userInfo 401 4.921 ms
09/Jul/2023:06:42:57 +0000 GET /api/users/userInfo 401 3.042 ms
09/Jul/2023:06:42:57 +0000 GET /api/users/userInfo 401 3.181 ms
09/Jul/2023:06:42:58 +0000 GET /api/users/userInfo 401 2.098 ms
