03/Jul/2023:07:34:46 +0000 GET /api/users/userInfo 401 13.371 ms
03/Jul/2023:07:34:46 +0000 GET /api/cards/cards 400 8.356 ms
03/Jul/2023:08:51:27 +0000 GET /api/users/userInfo 401 15.313 ms
03/Jul/2023:08:51:28 +0000 GET /api/cards/cards 400 10.794 ms
03/Jul/2023:08:53:04 +0000 GET /api/users/userInfo 401 28.690 ms
03/Jul/2023:08:53:04 +0000 GET /api/cards/cards 400 4.171 ms
03/Jul/2023:08:59:48 +0000 GET /api/users/userInfo 401 6.778 ms
03/Jul/2023:09:01:22 +0000 GET /api/users/userInfo 401 5.401 ms
03/Jul/2023:09:02:26 +0000 GET /main.f739a2bf25d13b72fcb9.hot-update.json 404 2.457 ms
03/Jul/2023:09:02:28 +0000 GET /main.f739a2bf25d13b72fcb9.hot-update.json 404 3.369 ms
03/Jul/2023:09:02:29 +0000 GET /main.f739a2bf25d13b72fcb9.hot-update.json 404 1.195 ms
03/Jul/2023:09:02:29 +0000 GET /api/users/userInfo 401 8.612 ms
03/Jul/2023:09:02:32 +0000 GET /api/users/userInfo 401 3.631 ms
03/Jul/2023:09:02:34 +0000 GET /api/users/userInfo 401 3.293 ms
03/Jul/2023:09:02:34 +0000 GET /api/users/userInfo 401 2.439 ms
03/Jul/2023:10:03:48 +0000 GET /api/users/userInfo 401 11.852 ms
03/Jul/2023:10:16:16 +0000 GET /api/users/userInfo 401 22.089 ms
03/Jul/2023:10:16:16 +0000 GET /api/users/userInfo 401 2.732 ms
03/Jul/2023:10:17:04 +0000 POST /api/users/login 400 141.534 ms
03/Jul/2023:10:17:07 +0000 POST /api/users/login 400 1.386 ms
03/Jul/2023:10:17:14 +0000 GET /api/users/userInfo 401 9.901 ms
03/Jul/2023:10:19:37 +0000 POST /api/users/login 400 1.726 ms
03/Jul/2023:11:24:15 +0000 POST /api/users/login 400 24.690 ms
03/Jul/2023:11:34:38 +0000 POST /api/users/login 400 1.908 ms
03/Jul/2023:11:38:58 +0000 GET /api/users/userInfo 400 21.289 ms
03/Jul/2023:11:47:47 +0000 GET /api/users/userInfo 400 9.289 ms
03/Jul/2023:11:52:04 +0000 GET /api/users/userInfo 400 4.751 ms
03/Jul/2023:11:54:14 +0000 GET /api/users/userInfo 400 4.756 ms
03/Jul/2023:11:54:18 +0000 GET /api/users/userInfo 400 13.186 ms
03/Jul/2023:12:38:06 +0000 GET /api/cards/get-my-fav-cards 400 35.367 ms
03/Jul/2023:12:38:13 +0000 GET /api/users/getAllUsers 400 29.485 ms
04/Jul/2023:05:08:16 +0000 GET /api/cards/get-my-fav-cards 400 25.656 ms
04/Jul/2023:05:08:19 +0000 GET /api/users/getAllUsers 400 25.168 ms
