12/Jul/2023:05:38:07 +0000 POST /api/cards/ 401 126.384 ms
12/Jul/2023:05:41:35 +0000 POST /api/cards/ 400 64.065 ms
12/Jul/2023:11:11:51 +0000 POST /api/cards/ 400 51.975 ms
12/Jul/2023:11:12:25 +0000 POST /api/cards/ 400 32.116 ms
12/Jul/2023:11:16:02 +0000 POST /api/cards/ 400 12.736 ms
12/Jul/2023:11:17:47 +0000 POST /api/cards/ 400 5.049 ms
12/Jul/2023:11:19:01 +0000 POST /api/cards/favorites/my 404 3.352 ms
12/Jul/2023:11:19:09 +0000 POST /api/cards/ 401 0.813 ms
12/Jul/2023:11:19:44 +0000 POST /api/cards/ 400 10.171 ms
12/Jul/2023:11:21:10 +0000 POST /api/cards/favorites/my 404 2.900 ms
12/Jul/2023:11:21:34 +0000 POST /api/cards/favorites/my 404 0.500 ms
12/Jul/2023:12:00:49 +0000 GET /api/cards/card/64acfac0b3d7d59baa60125d 404 4.568 ms
12/Jul/2023:12:14:54 +0000 POST /api/users 400 191.196 ms
12/Jul/2023:12:28:18 +0000 GET /api/cards/card/64ae8eeb332fcc88b67c309a 404 1.914 ms
12/Jul/2023:12:28:38 +0000 GET /api/cards/get-my-fav-cards 400 9.118 ms
12/Jul/2023:12:28:48 +0000 GET /api/cards/get-my-fav-cards 400 3.016 ms
12/Jul/2023:12:28:58 +0000 GET /api/cards/get-my-fav-cards 400 0.606 ms
12/Jul/2023:12:29:25 +0000 GET /api/cards/card/64ae8ccc332fcc88b67c3096 404 0.948 ms
12/Jul/2023:13:21:28 +0000 GET /api/cards/card/64acfac0b3d7d59baa60125d 404 7.244 ms
12/Jul/2023:13:33:04 +0000 PUT /api/cards/64ae8ccc332fcc88b67c3096 401 44.169 ms
12/Jul/2023:13:35:27 +0000 GET /api/cards/get-my-fav-cards 400 6.746 ms
13/Jul/2023:05:27:58 +0000 PUT /api/cards/64ae9c36ad7f695f6d259176 400 37.666 ms
