09/Jul/2023:06:43:37 +0000 GET /api/users/userInfo 404 17.086 ms
09/Jul/2023:06:43:45 +0000 GET /api/users/userInfo 404 1.561 ms
09/Jul/2023:06:51:53 +0000 GET /api/users/ 401 29.016 ms
09/Jul/2023:06:51:54 +0000 GET /api/users/ 401 4.366 ms
09/Jul/2023:06:51:54 +0000 GET /api/users/ 401 2.618 ms
09/Jul/2023:06:51:54 +0000 GET /api/users/ 401 2.936 ms
09/Jul/2023:06:52:26 +0000 GET /api/users/ 401 14.747 ms
09/Jul/2023:06:52:33 +0000 GET /api/users/ 401 9.265 ms
09/Jul/2023:06:55:49 +0000 GET /api/users 401 2.770 ms
09/Jul/2023:06:55:49 +0000 GET /api/users 401 2.790 ms
09/Jul/2023:06:55:49 +0000 GET /api/users 401 5.580 ms
09/Jul/2023:06:55:49 +0000 GET /api/users 401 2.777 ms
09/Jul/2023:06:56:02 +0000 GET /api/users 401 3.650 ms
09/Jul/2023:06:56:56 +0000 GET /api/users 401 20.025 ms
09/Jul/2023:06:57:05 +0000 GET /api/users 401 10.599 ms
09/Jul/2023:07:12:48 +0000 GET /api/users/64a6bc426d0bb76df74391bd 404 4.476 ms
09/Jul/2023:07:12:50 +0000 GET /api/users/64a6bc426d0bb76df74391bd 404 2.279 ms
09/Jul/2023:07:12:50 +0000 GET /api/users/64a6bc426d0bb76df74391bd 404 1.108 ms
09/Jul/2023:07:12:50 +0000 GET /api/users/64a6bc426d0bb76df74391bd 404 1.313 ms
09/Jul/2023:07:13:01 +0000 GET /api/users/64a6bc426d0bb76df74391bd 404 0.728 ms
09/Jul/2023:07:21:26 +0000 GET /api/cards/get-my-fav-cards 400 5.134 ms
09/Jul/2023:07:29:14 +0000 PUT /api/cards/favorites 400 50.139 ms
09/Jul/2023:07:29:31 +0000 GET /api/cards/favorites 400 5.031 ms
09/Jul/2023:07:29:39 +0000 GET /api/cards/favorites 400 1.556 ms
09/Jul/2023:07:38:59 +0000 PATCH /api/cards/64a6bc426d0bb76df74391c3 400 1.575 ms
09/Jul/2023:07:40:12 +0000 PATCH /api/cards/64a6bc426d0bb76df74391c3 400 1.589 ms
09/Jul/2023:07:41:07 +0000 PATCH /api/items/64a6bc426d0bb76df74391c3 400 0.556 ms
09/Jul/2023:07:41:16 +0000 PATCH /api/cards/64a6bc426d0bb76df74391c3 400 0.628 ms
09/Jul/2023:07:44:23 +0000 PATCH /api/cards/64a6bc426d0bb76df74391c3 400 0.609 ms
09/Jul/2023:07:44:27 +0000 GET /api/cards/64a6bc426d0bb76df74391c3 400 0.886 ms
09/Jul/2023:07:45:01 +0000 GET /api/cards/64a6bc426d0bb76df74391c3 400 0.799 ms
09/Jul/2023:07:45:24 +0000 GET /api/cards/64a6bc426d0bb76df74391c3 400 1.983 ms
09/Jul/2023:07:47:19 +0000 GET /api/cards/64a6bc426d0bb76df74391c3 400 0.692 ms
09/Jul/2023:07:56:24 +0000 GET /api/cards/ 400 1.495 ms
09/Jul/2023:07:57:10 +0000 GET /api/cards/ 400 23.933 ms
09/Jul/2023:07:57:41 +0000 GET /api/cards/ 400 3.610 ms
09/Jul/2023:07:58:24 +0000 GET /api/cards/ 400 1.655 ms
09/Jul/2023:07:58:35 +0000 GET /api/cards/ 400 0.803 ms
09/Jul/2023:07:59:30 +0000 GET /api/users 400 1.084 ms
09/Jul/2023:07:59:40 +0000 GET /api/users 400 0.921 ms
09/Jul/2023:08:02:01 +0000 GET /api/users 400 1.854 ms
09/Jul/2023:08:50:33 +0000 GET /api/cards/get-my-fav-cards 400 126.467 ms
09/Jul/2023:08:57:23 +0000 GET /api/cards/card/64a6bc426d0bb76df74391c3 404 5.434 ms
09/Jul/2023:09:02:04 +0000 GET /api/cards 400 4.578 ms
09/Jul/2023:09:03:00 +0000 GET /api/users/login 400 0.961 ms
09/Jul/2023:09:03:03 +0000 GET /api/users/login 400 1.863 ms
09/Jul/2023:09:03:19 +0000 POST /api/users/login 400 0.492 ms
09/Jul/2023:09:05:03 +0000 POST /api/users/login 400 0.680 ms
09/Jul/2023:09:06:02 +0000 POST /api/users/login 400 41.866 ms
09/Jul/2023:09:08:43 +0000 POST /api/users/login 400 1.345 ms
09/Jul/2023:09:12:05 +0000 GET /api/users 401 20.563 ms
09/Jul/2023:09:12:33 +0000 GET /api/users/649492e8de6e0bd95600d72e 404 9.398 ms
09/Jul/2023:09:12:54 +0000 GET /api/cards/favorites 400 3.105 ms
09/Jul/2023:09:15:04 +0000 GET /api/cards/my-favorites 400 1.142 ms
09/Jul/2023:09:15:10 +0000 GET /api/cards/my-favorites-nnnn 400 2.078 ms
09/Jul/2023:09:15:34 +0000 GET /api/cards/my-favorites-nnnn2222222 400 1.766 ms
09/Jul/2023:09:16:21 +0000 GET /api/cards/favorites 400 0.668 ms
09/Jul/2023:09:18:15 +0000 GET /api/cards/favorites 400 8.970 ms
09/Jul/2023:09:18:17 +0000 GET /api/cards/favorites 400 1.299 ms
09/Jul/2023:11:08:40 +0000 GET /api/cards/favorites 400 83.184 ms
09/Jul/2023:11:11:27 +0000 GET /api/cards/my-favorites/ 400 30.380 ms
09/Jul/2023:11:15:25 +0000 PATCH /api/cards/favorites 500 42.573 ms
09/Jul/2023:11:35:28 +0000 GET /main.d7fb2246ffd2b2ff4e5d.hot-update.json 404 5.477 ms
09/Jul/2023:11:37:50 +0000 GET /api/cards/favorites 400 13.587 ms
09/Jul/2023:11:38:29 +0000 GET /api/cards/favorites 400 2.161 ms
09/Jul/2023:11:46:18 +0000 GET /api/users/undefined 400 13.163 ms
09/Jul/2023:11:47:34 +0000 GET /api/users/undefined 400 11.803 ms
09/Jul/2023:11:48:08 +0000 GET /api/cards/card/64a6bc426d0bb76df74391c3 404 3.234 ms
10/Jul/2023:05:53:40 +0000 GET /api/users/undefined 400 14.458 ms
10/Jul/2023:06:21:37 +0000 GET /api/users/undefined 400 11.691 ms
