19/Jun/2023:08:54:02 +0000 POST /api/users/ 404 0.836 ms
19/Jun/2023:08:54:26 +0000 POST /api/users 404 0.583 ms
19/Jun/2023:08:54:51 +0000 POST /api/users/register 400 0.681 ms
19/Jun/2023:08:55:47 +0000 POST /api/users/register 400 132.881 ms
19/Jun/2023:08:59:19 +0000 DELETE /api/users/649018975b1fa43b51d12ff0 401 1.850 ms
19/Jun/2023:09:01:31 +0000 DELETE /api/users/6490187f5b1fa43b51d12feb 401 2.137 ms
19/Jun/2023:09:19:04 +0000 GET /api/users/ 401 37.131 ms
19/Jun/2023:09:20:07 +0000 GET /api/users/ 401 3.711 ms
19/Jun/2023:09:22:17 +0000 GET /api/users/648590dd3c6014b847cd5592 401 2.023 ms
19/Jun/2023:09:23:20 +0000 PUT /api/users/648590dd3c6014b847cd5592 400 14.042 ms
19/Jun/2023:09:24:36 +0000 PUT /api/users/648590dd3c6014b847cd5592 400 18.032 ms
19/Jun/2023:10:49:01 +0000 PUT /api/users/648590dd3c6014b847cd5592 400 46.922 ms
19/Jun/2023:10:49:20 +0000 PUT /api/users/648590dd3c6014b847cd5592 400 10.772 ms
19/Jun/2023:10:49:29 +0000 PUT /api/users/648590dd3c6014b847cd5592 400 10.843 ms
19/Jun/2023:10:49:38 +0000 PUT /api/users/648590dd3c6014b847cd5592 400 10.798 ms
19/Jun/2023:12:22:33 +0000 GET /api/users/648590dd3c6014b847cd5592 400 36.062 ms
19/Jun/2023:12:24:04 +0000 GET /api/users/649048c979a747ecc284130a 401 73.018 ms
19/Jun/2023:12:24:19 +0000 GET /api/users/649048c979a747ecc284130a 401 9.246 ms
19/Jun/2023:12:25:16 +0000 PUT /api/users/649048c979a747ecc284130a 400 25.797 ms
19/Jun/2023:12:32:51 +0000 PUT /api/users/649048c979a747ecc284130a 400 29.780 ms
19/Jun/2023:12:34:10 +0000 PUT /api/users/649048c979a747ecc284130a 400 72.635 ms
19/Jun/2023:12:34:38 +0000 PUT /api/users/649048c979a747ecc284130a 400 24.514 ms
19/Jun/2023:12:35:07 +0000 PUT /api/users/649048c979a747ecc284130a 400 29.051 ms
19/Jun/2023:12:35:31 +0000 PUT /api/users/649048c979a747ecc284130a 400 27.588 ms
19/Jun/2023:12:35:44 +0000 PUT /api/users/649048c979a747ecc284130a 400 24.584 ms
19/Jun/2023:12:36:51 +0000 PUT /api/users/649048c979a747ecc284130a 400 26.534 ms
19/Jun/2023:12:37:26 +0000 PUT /api/users/649048c979a747ecc284130a 400 5.886 ms
19/Jun/2023:12:37:31 +0000 PUT /api/users/649048c979a747ecc284130a 400 24.513 ms
19/Jun/2023:12:37:49 +0000 PUT /api/users/649048c979a747ecc284130a 400 31.645 ms
19/Jun/2023:12:38:14 +0000 PUT /api/users/649048c979a747ecc284130a 400 45.667 ms
19/Jun/2023:12:38:42 +0000 PUT /api/users/649048c979a747ecc284130a 400 25.091 ms
19/Jun/2023:12:39:08 +0000 PUT /api/users/649048c979a747ecc284130a 400 3.176 ms
19/Jun/2023:12:39:14 +0000 PUT /api/users/649048c979a747ecc284130a 400 22.312 ms
19/Jun/2023:12:40:44 +0000 PUT /api/users/649048c979a747ecc284130a 400 43.107 ms
19/Jun/2023:12:41:25 +0000 PUT /api/users/649048c979a747ecc284130a 400 36.574 ms
19/Jun/2023:12:41:43 +0000 PUT /api/users/649048c979a747ecc284130a 400 29.942 ms
19/Jun/2023:12:41:51 +0000 PUT /api/users/649048c979a747ecc284130a 400 31.599 ms
19/Jun/2023:12:42:33 +0000 PUT /api/users/649048c979a747ecc284130a 400 24.511 ms
20/Jun/2023:06:20:06 +0000 PUT /api/users/649048c979a747ecc284130a 400 29.649 ms
20/Jun/2023:06:20:19 +0000 PUT /api/users/649048c979a747ecc284130a 400 19.782 ms
20/Jun/2023:06:20:24 +0000 PUT /api/users/649048c979a747ecc284130a 400 13.399 ms
20/Jun/2023:06:20:41 +0000 PUT /api/users/649048c979a747ecc284130a 400 19.910 ms
20/Jun/2023:06:20:59 +0000 PUT /api/users/649048c979a747ecc284130a 400 22.993 ms
20/Jun/2023:06:21:30 +0000 PUT /api/users/649048c979a747ecc284130a 400 10.008 ms
20/Jun/2023:06:21:43 +0000 PUT /api/users/649048c979a747ecc284130a 400 19.708 ms
20/Jun/2023:06:21:52 +0000 PUT /api/users/649048c979a747ecc284130a 400 15.559 ms
20/Jun/2023:06:22:00 +0000 PUT /api/users/649048c979a747ecc284130a 400 11.236 ms
20/Jun/2023:06:22:09 +0000 PUT /api/users/649048c979a747ecc284130a 400 0.606 ms
