20/Jun/2023:06:27:20 +0000 PATCH /api/users/649048c979a747ecc284130 401 6.422 ms
20/Jun/2023:06:28:32 +0000 PATCH /api/users/649048c979a747ecc284130 401 2.381 ms
20/Jun/2023:06:31:52 +0000 POST /api/users/ 400 1.020 ms
20/Jun/2023:06:37:57 +0000 POST /api/users/ 400 4.510 ms
20/Jun/2023:06:37:59 +0000 POST /api/users/ 400 0.815 ms
20/Jun/2023:06:41:23 +0000 POST /api/users/ 400 4.100 ms
20/Jun/2023:06:41:24 +0000 POST /api/users/ 400 0.798 ms
20/Jun/2023:06:41:27 +0000 POST /api/users/ 400 1.295 ms
20/Jun/2023:06:41:40 +0000 POST /api/users/ 400 0.376 ms
20/Jun/2023:06:41:46 +0000 POST /api/users/ 400 0.801 ms
20/Jun/2023:06:42:58 +0000 POST /api/users/ 400 2.317 ms
20/Jun/2023:06:43:31 +0000 POST /api/users/ 400 104.974 ms
20/Jun/2023:06:43:57 +0000 POST /api/users/ 400 105.165 ms
20/Jun/2023:06:44:19 +0000 POST /api/users/ 400 107.004 ms
20/Jun/2023:06:44:36 +0000 POST /api/users/ 400 0.583 ms
20/Jun/2023:06:46:26 +0000 POST /api/users/ 400 104.575 ms
20/Jun/2023:06:47:02 +0000 POST /api/users/ 400 0.643 ms
20/Jun/2023:06:47:43 +0000 POST /api/users/ 400 1.947 ms
20/Jun/2023:06:47:46 +0000 POST /api/users/ 400 0.872 ms
20/Jun/2023:06:47:53 +0000 POST /api/users/ 400 202.999 ms
20/Jun/2023:06:48:56 +0000 POST /api/users/ 400 30.564 ms
20/Jun/2023:06:49:05 +0000 POST /api/users/ 400 2.174 ms
20/Jun/2023:06:49:15 +0000 POST /api/users/ 400 149.948 ms
20/Jun/2023:06:49:52 +0000 POST /api/users/ 400 1.373 ms
20/Jun/2023:06:50:31 +0000 POST /api/users/ 400 0.812 ms
20/Jun/2023:06:50:59 +0000 POST /api/users/ 400 1.148 ms
20/Jun/2023:06:51:18 +0000 POST /api/users/ 400 2.085 ms
20/Jun/2023:06:51:30 +0000 POST /api/users/ 400 1.983 ms
20/Jun/2023:06:52:11 +0000 POST /api/users/ 400 2.184 ms
20/Jun/2023:06:52:32 +0000 POST /api/users/ 400 1.512 ms
20/Jun/2023:06:54:21 +0000 POST /api/users/ 400 1.634 ms
20/Jun/2023:06:54:35 +0000 POST /api/users/ 400 2.605 ms
20/Jun/2023:06:54:54 +0000 POST /api/users/ 400 1.697 ms
20/Jun/2023:06:58:46 +0000 POST /api/users/ 400 1.048 ms
20/Jun/2023:06:59:05 +0000 POST /api/users/ 400 0.953 ms
20/Jun/2023:06:59:18 +0000 POST /api/users/ 400 1.090 ms
20/Jun/2023:06:59:40 +0000 POST /api/users/ 400 2.063 ms
20/Jun/2023:06:59:56 +0000 POST /api/users/ 400 1.408 ms
20/Jun/2023:07:00:13 +0000 POST /api/users/ 400 2.292 ms
20/Jun/2023:07:00:28 +0000 POST /api/users/ 400 1.507 ms
20/Jun/2023:07:02:57 +0000 DELETE /api/users/64914e9244db7239cc6397b0 401 2.171 ms
20/Jun/2023:07:03:18 +0000 DELETE /api/users/64914e9244db7239cc6397b0 401 9.213 ms
20/Jun/2023:07:03:32 +0000 DELETE /api/users/64914e9244db7239cc6397b0 401 3.950 ms
20/Jun/2023:07:04:11 +0000 DELETE /api/users/64914bf544db7239cc6397a 400 4.027 ms
20/Jun/2023:07:06:56 +0000 POST /api/users/ 400 0.723 ms
20/Jun/2023:07:08:45 +0000 POST /api/users/ 400 2.145 ms
20/Jun/2023:07:10:12 +0000 POST /api/users/ 400 1.370 ms
20/Jun/2023:07:10:38 +0000 POST /api/users/ 400 1.113 ms
20/Jun/2023:07:10:59 +0000 POST /api/users/ 400 0.535 ms
20/Jun/2023:07:11:04 +0000 POST /api/users/ 400 1.390 ms
20/Jun/2023:07:11:22 +0000 POST /api/users/ 400 0.826 ms
20/Jun/2023:07:11:36 +0000 POST /api/users/ 400 0.669 ms
20/Jun/2023:07:13:52 +0000 POST /api/users/ 400 1.432 ms
20/Jun/2023:07:15:02 +0000 POST /api/users/ 400 0.815 ms
20/Jun/2023:07:15:16 +0000 POST /api/users/ 400 1.933 ms
20/Jun/2023:07:15:57 +0000 POST /api/users/ 400 1.187 ms
20/Jun/2023:07:18:58 +0000 POST /api/users/ 400 1.122 ms
20/Jun/2023:07:19:25 +0000 POST /api/users/ 400 1.190 ms
20/Jun/2023:07:19:37 +0000 POST /api/users/ 400 0.905 ms
20/Jun/2023:07:20:05 +0000 POST /api/users/ 400 1.704 ms
20/Jun/2023:07:21:45 +0000 POST /api/users/ 400 0.823 ms
20/Jun/2023:07:22:09 +0000 POST /api/users/ 400 0.590 ms
20/Jun/2023:08:48:37 +0000 GET /api/cards/my-cards 401 2.460 ms
20/Jun/2023:08:48:53 +0000 GET /api/cards/my-cards 403 8.666 ms
20/Jun/2023:08:49:55 +0000 GET /api/cards/my-cards 403 8.607 ms
20/Jun/2023:08:53:19 +0000 POST /api/cards 400 4.567 ms
20/Jun/2023:08:53:40 +0000 POST /api/cards 400 1.574 ms
20/Jun/2023:08:54:00 +0000 POST /api/cards 400 3.704 ms
20/Jun/2023:08:54:20 +0000 POST /api/cards 400 3.208 ms
20/Jun/2023:08:54:37 +0000 POST /api/cards 400 1.903 ms
20/Jun/2023:08:55:07 +0000 POST /api/cards 400 2.629 ms
20/Jun/2023:08:55:20 +0000 POST /api/cards 400 2.127 ms
20/Jun/2023:08:55:32 +0000 POST /api/cards 400 3.498 ms
20/Jun/2023:08:55:48 +0000 POST /api/cards 400 4.739 ms
20/Jun/2023:08:56:03 +0000 POST /api/cards 400 6.011 ms
20/Jun/2023:08:56:18 +0000 POST /api/cards 400 1.763 ms
20/Jun/2023:08:56:40 +0000 POST /api/cards 400 2.836 ms
20/Jun/2023:08:57:38 +0000 PUT /api/cards 404 0.708 ms
20/Jun/2023:08:57:57 +0000 PUT /api/cards/649169cfc7eef246f6011438 400 6.194 ms
20/Jun/2023:08:58:32 +0000 PUT /api/cards/649169cfc7eef246f6011438 400 4.306 ms
20/Jun/2023:08:58:40 +0000 PUT /api/cards/649169cfc7eef246f6011438 400 7.005 ms
20/Jun/2023:08:58:50 +0000 PUT /api/cards/649169cfc7eef246f6011438 400 5.693 ms
20/Jun/2023:08:59:02 +0000 PUT /api/cards/649169cfc7eef246f6011438 400 4.689 ms
20/Jun/2023:08:59:08 +0000 PUT /api/cards/649169cfc7eef246f6011438 400 5.412 ms
20/Jun/2023:08:59:20 +0000 PUT /api/cards/649169cfc7eef246f6011438 400 6.430 ms
20/Jun/2023:08:59:26 +0000 PUT /api/cards/649169cfc7eef246f6011438 400 27.715 ms
20/Jun/2023:09:01:47 +0000 PUT /api/cards/649169cfc7eef246f6011438 400 43.321 ms
20/Jun/2023:09:04:37 +0000 PUT /api/cards/649169cfc7eef246f6011438 400 14.915 ms
20/Jun/2023:09:11:20 +0000 POST /api/cards/ 400 41.620 ms
20/Jun/2023:09:11:28 +0000 POST /api/cards/ 400 1.095 ms
20/Jun/2023:09:11:57 +0000 POST /api/cards/ 400 0.750 ms
20/Jun/2023:09:12:22 +0000 POST /api/cards/ 400 14.528 ms
20/Jun/2023:09:13:00 +0000 POST /api/cards/ 400 8.635 ms
20/Jun/2023:09:13:41 +0000 POST /api/cards/ 400 4.775 ms
20/Jun/2023:09:14:06 +0000 POST /api/cards/ 400 4.049 ms
20/Jun/2023:09:14:15 +0000 POST /api/cards/ 400 5.373 ms
20/Jun/2023:09:14:23 +0000 POST /api/cards/ 400 11.934 ms
20/Jun/2023:09:15:11 +0000 POST /api/cards/ 400 9.015 ms
20/Jun/2023:11:43:27 +0000 POST /api/cards/ 400 61.510 ms
20/Jun/2023:11:44:39 +0000 POST /api/cards/ 400 42.325 ms
21/Jun/2023:05:33:11 +0000 POST /api/cards/ 400 70.685 ms
21/Jun/2023:05:34:37 +0000 PUT /api/cards/64928bafe752a42178c35864 400 64.022 ms
21/Jun/2023:05:37:28 +0000 GET /api/cards/my-cards 401 1.126 ms
21/Jun/2023:05:37:48 +0000 GET /api/cards/my-cards 403 2.821 ms
21/Jun/2023:05:38:15 +0000 GET /api/cards/my-cards 403 2.412 ms
21/Jun/2023:05:45:15 +0000 POST /api/cards/my-cards 404 1.922 ms
21/Jun/2023:05:45:22 +0000 POST /api/cards/ 400 10.337 ms
21/Jun/2023:05:47:16 +0000 POST /api/cards/ 400 17.983 ms
21/Jun/2023:05:47:37 +0000 POST /api/cards/ 400 1.648 ms
21/Jun/2023:05:47:55 +0000 POST /api/cards/ 400 4.117 ms
21/Jun/2023:05:48:12 +0000 POST /api/cards/ 400 2.121 ms
21/Jun/2023:05:48:30 +0000 POST /api/cards/ 400 3.720 ms
21/Jun/2023:05:48:50 +0000 POST /api/cards/ 400 1.567 ms
21/Jun/2023:05:49:13 +0000 POST /api/cards/ 400 1.685 ms
21/Jun/2023:05:49:35 +0000 POST /api/cards/ 400 7.219 ms
21/Jun/2023:05:50:12 +0000 POST /api/cards/ 400 3.423 ms
21/Jun/2023:05:50:32 +0000 POST /api/cards/ 400 2.973 ms
