28/Jun/2023:08:19:12 +0000 PATCH /api/users/649492e8de6e0bd95600d72d 401 19.815 ms
28/Jun/2023:08:21:34 +0000 DELETE /api/users/649492e8de6e0bd95600d72a 401 1.258 ms
28/Jun/2023:08:22:31 +0000 DELETE /api/users/649492e8de6e0bd95600d72a 401 1.798 ms
28/Jun/2023:08:55:28 +0000 POST /api/users/ 400 23.391 ms
28/Jun/2023:09:57:50 +0000 DELETE /api/users/649492e7de6e0bd95600d728 404 5.866 ms
28/Jun/2023:10:05:05 +0000 GET /api/users/649492e8de6e0bd95600d72e 404 36.684 ms
28/Jun/2023:10:05:46 +0000 GET /api/users/649492e8de6e0bd95600d72e 404 9.915 ms
28/Jun/2023:10:23:20 +0000 DELETE /api/cards/649492e8de6e0bd95600d737 403 14.251 ms
28/Jun/2023:10:23:36 +0000 DELETE /api/cards/649492e8de6e0bd95600d73 400 7.147 ms
28/Jun/2023:12:11:40 +0000 DELETE /api/cards/649492e8de6e0bd95600d73s 400 56.807 ms
28/Jun/2023:12:12:10 +0000 DELETE /api/cards/649492e8de6e0bd95600d73d%0A 400 7.041 ms
28/Jun/2023:12:12:53 +0000 DELETE /api/cards/649492e8de6e0bd95600d73s 400 5.497 ms
28/Jun/2023:12:13:24 +0000 DELETE /api/cards/649492e8de6e0bd95600d73d 403 9.698 ms
28/Jun/2023:12:21:17 +0000 PATCH /api/cards/649c2441c7f07ea33b36e644 403 87.971 ms
28/Jun/2023:12:30:16 +0000 GET /api/cards/649c2441c7f07ea33b36e640 403 76.569 ms
28/Jun/2023:13:00:18 +0000 PUT /api/cards/649c2441c7f07ea33b36e641 401 29.567 ms
28/Jun/2023:13:01:30 +0000 PUT /api/cards/649c2441c7f07ea33b36e641 401 12.885 ms
28/Jun/2023:13:02:10 +0000 PUT /api/cards/649c2441c7f07ea33b36e641 400 18.020 ms
28/Jun/2023:13:02:51 +0000 PUT /api/cards/649c2441c7f07ea33b36e641 400 16.841 ms
28/Jun/2023:13:03:06 +0000 PUT /api/cards/649c2441c7f07ea33b36e641 400 12.652 ms
